[    0.000000] Initializing cgroup subsys cpuset
[    0.000000] Initializing cgroup subsys cpu
[    0.000000] Initializing cgroup subsys cpuacct
[    0.000000] Linux version 4.4.0-187-generic (buildd@lgw01-amd64-035) (gcc version 5.4.0 20160609 (Ubuntu 5.4.0-6ubuntu1~16.04.12) ) #217-Ubuntu SMP Tue Jul 21 04:18:15 UTC 2020 (Ubuntu 4.4.0-187.217-generic 4.4.230)
[    0.000000] Command line: BOOT_IMAGE=/boot/vmlinuz-4.4.0-187-generic root=LABEL=cloudimg-rootfs ro console=tty1 console=ttyS0
[    0.000000] KERNEL supported cpus:
[    0.000000]   Intel GenuineIntel
[    0.000000]   AMD AuthenticAMD
[    0.000000]   Centaur CentaurHauls
[    0.000000] x86/fpu: xstate_offset[2]:  576, xstate_sizes[2]:  256
[    0.000000] x86/fpu: Supporting XSAVE feature 0x01: 'x87 floating point registers'
[    0.000000] x86/fpu: Supporting XSAVE feature 0x02: 'SSE registers'
[    0.000000] x86/fpu: Supporting XSAVE feature 0x04: 'AVX registers'
[    0.000000] x86/fpu: Enabled xstate features 0x7, context size is 832 bytes, using 'standard' format.
[    0.000000] e820: BIOS-provided physical RAM map:
[    0.000000] BIOS-e820: [mem 0x0000000000000000-0x000000000009fbff] usable
[    0.000000] BIOS-e820: [mem 0x000000000009fc00-0x000000000009ffff] reserved
[    0.000000] BIOS-e820: [mem 0x00000000000f0000-0x00000000000fffff] reserved
[    0.000000] BIOS-e820: [mem 0x0000000000100000-0x000000003ffeffff] usable
[    0.000000] BIOS-e820: [mem 0x000000003fff0000-0x000000003fffffff] ACPI data
[    0.000000] BIOS-e820: [mem 0x00000000fec00000-0x00000000fec00fff] reserved
[    0.000000] BIOS-e820: [mem 0x00000000fee00000-0x00000000fee00fff] reserved
[    0.000000] BIOS-e820: [mem 0x00000000fffc0000-0x00000000ffffffff] reserved
[    0.000000] NX (Execute Disable) protection: active
[    0.000000] SMBIOS 2.5 present.
[    0.000000] Hypervisor detected: KVM
[    0.000000] e820: last_pfn = 0x3fff0 max_arch_pfn = 0x400000000
[    0.000000] MTRR: Disabled
[    0.000000] x86/PAT: MTRRs disabled, skipping PAT initialization too.
[    0.000000] CPU MTRRs all blank - virtualized system.
[    0.000000] x86/PAT: Configuration [0-7]: WB  WT  UC- UC  WB  WT  UC- UC  
[    0.000000] found SMP MP-table at [mem 0x0009fff0-0x0009ffff] mapped at [ffff88000009fff0]
[    0.000000] Scanning 1 areas for low memory corruption
[    0.000000] RAMDISK: [mem 0x362de000-0x37166fff]
[    0.000000] ACPI: Early table checksum verification disabled
[    0.000000] ACPI: RSDP 0x00000000000E0000 000024 (v02 VBOX  )
[    0.000000] ACPI: XSDT 0x000000003FFF0030 00003C (v01 VBOX   VBOXXSDT 00000001 ASL  00000061)
[    0.000000] ACPI: FACP 0x000000003FFF00F0 0000F4 (v04 VBOX   VBOXFACP 00000001 ASL  00000061)
[    0.000000] ACPI: DSDT 0x000000003FFF0470 002325 (v02 VBOX   VBOXBIOS 00000002 INTL 20100528)
[    0.000000] ACPI: FACS 0x000000003FFF0200 000040
[    0.000000] ACPI: FACS 0x000000003FFF0200 000040
[    0.000000] ACPI: APIC 0x000000003FFF0240 00005C (v02 VBOX   VBOXAPIC 00000001 ASL  00000061)
[    0.000000] ACPI: SSDT 0x000000003FFF02A0 0001CC (v01 VBOX   VBOXCPUT 00000002 INTL 20100528)
[    0.000000] No NUMA configuration found
[    0.000000] Faking a node at [mem 0x0000000000000000-0x000000003ffeffff]
[    0.000000] NODE_DATA(0) allocated [mem 0x3ffeb000-0x3ffeffff]
[    0.000000] kvm-clock: Using msrs 4b564d01 and 4b564d00
[    0.000000] kvm-clock: cpu 0, msr 0:3ffe3001, primary cpu clock
[    0.000000] kvm-clock: using sched offset of 5274368345 cycles
[    0.000000] clocksource: kvm-clock: mask: 0xffffffffffffffff max_cycles: 0x1cd42e4dffb, max_idle_ns: 881590591483 ns
[    0.000000] Zone ranges:
[    0.000000]   DMA      [mem 0x0000000000001000-0x0000000000ffffff]
[    0.000000]   DMA32    [mem 0x0000000001000000-0x000000003ffeffff]
[    0.000000]   Normal   empty
[    0.000000]   Device   empty
[    0.000000] Movable zone start for each node
[    0.000000] Early memory node ranges
[    0.000000]   node   0: [mem 0x0000000000001000-0x000000000009efff]
[    0.000000]   node   0: [mem 0x0000000000100000-0x000000003ffeffff]
[    0.000000] Initmem setup node 0 [mem 0x0000000000001000-0x000000003ffeffff]
[    0.000000] ACPI: PM-Timer IO Port: 0x4008
[    0.000000] IOAPIC[0]: apic_id 2, version 32, address 0xfec00000, GSI 0-23
[    0.000000] ACPI: INT_SRC_OVR (bus 0 bus_irq 0 global_irq 2 dfl dfl)
[    0.000000] ACPI: INT_SRC_OVR (bus 0 bus_irq 9 global_irq 9 low level)
[    0.000000] Using ACPI (MADT) for SMP configuration information
[    0.000000] smpboot: Allowing 2 CPUs, 0 hotplug CPUs
[    0.000000] PM: Registered nosave memory: [mem 0x00000000-0x00000fff]
[    0.000000] PM: Registered nosave memory: [mem 0x0009f000-0x0009ffff]
[    0.000000] PM: Registered nosave memory: [mem 0x000a0000-0x000effff]
[    0.000000] PM: Registered nosave memory: [mem 0x000f0000-0x000fffff]
[    0.000000] e820: [mem 0x40000000-0xfebfffff] available for PCI devices
[    0.000000] Booting paravirtualized kernel on KVM
[    0.000000] clocksource: refined-jiffies: mask: 0xffffffff max_cycles: 0xffffffff, max_idle_ns: 7645519600211568 ns
[    0.000000] setup_percpu: NR_CPUS:512 nr_cpumask_bits:512 nr_cpu_ids:2 nr_node_ids:1
[    0.000000] PERCPU: Embedded 33 pages/cpu @ffff88003fc00000 s95512 r8192 d31464 u1048576
[    0.000000] Built 1 zonelists in Node order, mobility grouping on.  Total pages: 257912
[    0.000000] Policy zone: DMA32
[    0.000000] Kernel command line: BOOT_IMAGE=/boot/vmlinuz-4.4.0-187-generic root=LABEL=cloudimg-rootfs ro console=tty1 console=ttyS0
[    0.000000] PID hash table entries: 4096 (order: 3, 32768 bytes)
[    0.000000] Memory: 997660K/1048120K available (8636K kernel code, 1337K rwdata, 4040K rodata, 1492K init, 1296K bss, 50460K reserved, 0K cma-reserved)
[    0.000000] SLUB: HWalign=64, Order=0-3, MinObjects=0, CPUs=2, Nodes=1
[    0.000000] Kernel/User page tables isolation: enabled
[    0.000000] Hierarchical RCU implementation.
[    0.000000] 	Build-time adjustment of leaf fanout to 64.
[    0.000000] 	RCU restricting CPUs from NR_CPUS=512 to nr_cpu_ids=2.
[    0.000000] RCU: Adjusting geometry for rcu_fanout_leaf=64, nr_cpu_ids=2
[    0.000000] NR_IRQS:33024 nr_irqs:440 16
[    0.000000] Console: colour VGA+ 80x25
[    0.000000] console [tty1] enabled
[    0.000000] console [ttyS0] enabled
[    0.000000] tsc: Detected 3408.000 MHz processor
[    0.351305] Calibrating delay loop (skipped) preset value.. 6816.00 BogoMIPS (lpj=13632000)
[    0.356007] pid_max: default: 32768 minimum: 301
[    0.358879] ACPI: Core revision 20150930
[    0.362093] ACPI: 2 ACPI AML tables successfully acquired and loaded
[    0.365893] Security Framework initialized
[    0.368436] Yama: becoming mindful.
[    0.370332] AppArmor: AppArmor initialized
[    0.372610] Dentry cache hash table entries: 131072 (order: 8, 1048576 bytes)
[    0.377771] Inode-cache hash table entries: 65536 (order: 7, 524288 bytes)
[    0.381698] Mount-cache hash table entries: 2048 (order: 2, 16384 bytes)
[    0.385286] Mountpoint-cache hash table entries: 2048 (order: 2, 16384 bytes)
[    0.389324] Initializing cgroup subsys io
[    0.391802] Initializing cgroup subsys memory
[    0.394336] Initializing cgroup subsys devices
[    0.396754] Initializing cgroup subsys freezer
[    0.399194] Initializing cgroup subsys net_cls
[    0.401607] Initializing cgroup subsys perf_event
[    0.404351] Initializing cgroup subsys net_prio
[    0.406892] Initializing cgroup subsys hugetlb
[    0.409326] Initializing cgroup subsys pids
[    0.412591] mce: CPU supports 0 MCE banks
[    0.414781] Last level iTLB entries: 4KB 128, 2MB 8, 4MB 8
[    0.417796] Last level dTLB entries: 4KB 64, 2MB 0, 4MB 0, 1GB 4
[    0.421146] Spectre V1 : Mitigation: usercopy/swapgs barriers and __user pointer sanitization
[    0.425982] Spectre V2 : Mitigation: Full generic retpoline
[    0.429507] Spectre V2 : Spectre v2 / SpectreRSB mitigation: Filling RSB on context switch
[    0.434710] Speculative Store Bypass: Vulnerable
[    0.437643] SRBDS: Unknown: Dependent on hypervisor status
[    0.441040] MDS: Mitigation: Clear CPU buffers
[    0.446796] Freeing SMP alternatives memory: 36K
[    0.457622] ftrace: allocating 32337 entries in 127 pages
[    0.523683] smpboot: APIC(0) Converting physical 0 to logical package 0
[    0.527787] smpboot: Max logical packages: 1
[    0.530901] x2apic enabled
[    0.533266] Switched APIC routing to physical x2apic.
[    0.537267] ..TIMER: vector=0x30 apic1=0 pin1=2 apic2=-1 pin2=-1
[    0.648957] smpboot: CPU0: Intel(R) Core(TM) i5-7500 CPU @ 3.40GHz (family: 0x6, model: 0x9e, stepping: 0x9)
[    0.654780] Performance Events: unsupported p6 CPU model 158 no PMU driver, software events only.
[    0.670689] KVM setup paravirtual spinlock
[    0.673589] x86: Booting SMP configuration:
[    0.675869] .... node  #0, CPUs:      #1
[    0.678117] kvm-clock: cpu 1, msr 0:3ffe3041, secondary cpu clock
[    0.682446] mce: CPU supports 0 MCE banks
[    0.686404] x86: Booted up 1 node, 2 CPUs
[    0.689153] smpboot: Total of 2 processors activated (13632.00 BogoMIPS)
[    0.694032] devtmpfs: initialized
[    0.697661] evm: security.selinux
[    0.699500] evm: security.SMACK64
[    0.701395] evm: security.SMACK64EXEC
[    0.703835] evm: security.SMACK64TRANSMUTE
[    0.706323] evm: security.SMACK64MMAP
[    0.708377] evm: security.ima
[    0.710154] evm: security.capability
[    0.712482] clocksource: jiffies: mask: 0xffffffff max_cycles: 0xffffffff, max_idle_ns: 7645041785100000 ns
[    0.718312] futex hash table entries: 512 (order: 3, 32768 bytes)
[    0.722309] pinctrl core: initialized pinctrl subsystem
[    0.725607] RTC time: 15:28:38, date: 08/30/20
[    0.728667] NET: Registered protocol family 16
[    0.741708] cpuidle: using governor ladder
[    0.753655] cpuidle: using governor menu
[    0.755736] PCCT header not found.
[    0.757733] ACPI: bus type PCI registered
[    0.759918] acpiphp: ACPI Hot Plug PCI Controller Driver version: 0.5
[    0.763663] PCI: Using configuration type 1 for base access
[    0.778149] ACPI: Added _OSI(Module Device)
[    0.780484] ACPI: Added _OSI(Processor Device)
[    0.782998] ACPI: Added _OSI(3.0 _SCP Extensions)
[    0.785533] ACPI: Added _OSI(Processor Aggregator Device)
[    0.789550] ACPI: Executed 1 blocks of module-level executable AML code
[    0.795095] ACPI: Interpreter enabled
[    0.797086] ACPI: (supports S0 S5)
[    0.798925] ACPI: Using IOAPIC for interrupt routing
[    0.801750] PCI: Using host bridge windows from ACPI; if necessary, use "pci=nocrs" and report a bug
[    0.811339] ACPI: PCI Root Bridge [PCI0] (domain 0000 [bus 00-ff])
[    0.815453] acpi PNP0A03:00: _OSC: OS supports [ASPM ClockPM Segments MSI]
[    0.820700] acpi PNP0A03:00: _OSC: not requesting OS control; OS requires [ExtendedConfig ASPM ClockPM MSI]
[    0.827179] acpi PNP0A03:00: fail to add MMCONFIG information, can't access extended PCI configuration space under this bridge.
[    0.834605] PCI host bridge to bus 0000:00
[    0.837019] pci_bus 0000:00: root bus resource [io  0x0000-0x0cf7 window]
[    0.841064] pci_bus 0000:00: root bus resource [io  0x0d00-0xffff window]
[    0.845262] pci_bus 0000:00: root bus resource [mem 0x000a0000-0x000bffff window]
[    0.849710] pci_bus 0000:00: root bus resource [mem 0x40000000-0xfdffffff window]
[    0.854223] pci_bus 0000:00: root bus resource [bus 00-ff]
[    0.860032] pci 0000:00:01.1: legacy IDE quirk: reg 0x10: [io  0x01f0-0x01f7]
[    0.863730] pci 0000:00:01.1: legacy IDE quirk: reg 0x14: [io  0x03f6]
[    0.867331] pci 0000:00:01.1: legacy IDE quirk: reg 0x18: [io  0x0170-0x0177]
[    0.879185] pci 0000:00:01.1: legacy IDE quirk: reg 0x1c: [io  0x0376]
[    0.896166] pci 0000:00:07.0: quirk: [io  0x4000-0x403f] claimed by PIIX4 ACPI
[    0.900592] pci 0000:00:07.0: quirk: [io  0x4100-0x410f] claimed by PIIX4 SMB
[    0.913345] ACPI: PCI Interrupt Link [LNKA] (IRQs 5 9 10 *11)
[    0.917285] ACPI: PCI Interrupt Link [LNKB] (IRQs 5 9 *10 11)
[    0.920946] ACPI: PCI Interrupt Link [LNKC] (IRQs 5 *9 10 11)
[    0.924561] ACPI: PCI Interrupt Link [LNKD] (IRQs 5 9 10 *11)
[    0.928125] ACPI: Enabled 2 GPEs in block 00 to 07
[    0.931101] vgaarb: setting as boot device: PCI:0000:00:02.0
[    0.934428] vgaarb: device added: PCI:0000:00:02.0,decodes=io+mem,owns=io+mem,locks=none
[    0.938894] vgaarb: loaded
[    0.940601] vgaarb: bridge control possible 0000:00:02.0
[    0.943670] SCSI subsystem initialized
[    0.945826] ACPI: bus type USB registered
[    0.948076] usbcore: registered new interface driver usbfs
[    0.951321] usbcore: registered new interface driver hub
[    0.954487] usbcore: registered new device driver usb
[    0.958019] PCI: Using ACPI for IRQ routing
[    0.962272] NetLabel: Initializing
[    0.964267] NetLabel:  domain hash size = 128
[    0.966818] NetLabel:  protocols = UNLABELED CIPSOv4
[    0.969773] NetLabel:  unlabeled traffic allowed by default
[    0.973589] amd_nb: Cannot enumerate AMD northbridges
[    0.978270] clocksource: Switched to clocksource kvm-clock
[    0.992227] AppArmor: AppArmor Filesystem Enabled
[    0.995556] pnp: PnP ACPI init
[    0.999061] pnp: PnP ACPI: found 3 devices
[    1.018447] clocksource: acpi_pm: mask: 0xffffff max_cycles: 0xffffff, max_idle_ns: 2085701024 ns
[    1.031061] NET: Registered protocol family 2
[    1.035422] TCP established hash table entries: 8192 (order: 4, 65536 bytes)
[    1.047119] TCP bind hash table entries: 8192 (order: 5, 131072 bytes)
[    1.060444] TCP: Hash tables configured (established 8192 bind 8192)
[    1.064984] UDP hash table entries: 512 (order: 2, 16384 bytes)
[    1.069821] UDP-Lite hash table entries: 512 (order: 2, 16384 bytes)
[    1.075224] NET: Registered protocol family 1
[    1.080807] pci 0000:00:00.0: Limiting direct PCI/PCI transfers
[    1.088660] pci 0000:00:01.0: Activating ISA DMA hang workarounds
[    1.094069] Unpacking initramfs...
[    1.335978] Freeing initrd memory: 14884K
[    1.338844] clocksource: tsc: mask: 0xffffffffffffffff max_cycles: 0x311fd3cd494, max_idle_ns: 440795223879 ns
[    1.344459] platform rtc_cmos: registered platform RTC device (no PNP device found)
[    1.348836] Scanning for low memory corruption every 60 seconds
[    1.352467] audit: initializing netlink subsys (disabled)
[    1.355855] audit: type=2000 audit(1598801325.008:1): initialized
[    1.359574] Initialise system trusted keyring
[    1.362271] HugeTLB registered 2 MB page size, pre-allocated 0 pages
[    1.366895] zbud: loaded
[    1.368723] VFS: Disk quotas dquot_6.6.0
[    1.370877] VFS: Dquot-cache hash table entries: 512 (order 0, 4096 bytes)
[    1.374831] squashfs: version 4.0 (2009/01/31) Phillip Lougher
[    1.378332] fuse init (API version 7.23)
[    1.380546] Key type big_key registered
[    1.382778] Allocating IMA MOK and blacklist keyrings.
[    1.386974] Key type asymmetric registered
[    1.389175] Asymmetric key parser 'x509' registered
[    1.391939] Block layer SCSI generic (bsg) driver version 0.4 loaded (major 249)
[    1.396311] io scheduler noop registered
[    1.398504] io scheduler deadline registered (default)
[    1.401543] io scheduler cfq registered
[    1.404102] pci_hotplug: PCI Hot Plug PCI Core version: 0.5
[    1.407607] pciehp: PCI Express Hot Plug Controller Driver version: 0.4
[    1.411776] ACPI: AC Adapter [AC] (on-line)
[    1.414742] input: Power Button as /devices/LNXSYSTM:00/LNXPWRBN:00/input/input0
[    1.419060] ACPI: Power Button [PWRF]
[    1.421331] input: Sleep Button as /devices/LNXSYSTM:00/LNXSLPBN:00/input/input1
[    1.426083] ACPI: Sleep Button [SLPF]
[    1.428779] GHES: HEST is not enabled!
[    1.431061] Serial: 8250/16550 driver, 32 ports, IRQ sharing enabled
[    1.455490] 00:02: ttyS0 at I/O 0x3f8 (irq = 4, base_baud = 115200) is a 16550A
[    1.460522] Linux agpgart interface v0.103
[    1.465224] loop: module loaded
[    1.467781] scsi host0: ata_piix
[    1.469845] scsi host1: ata_piix
[    1.471697] ata1: PATA max UDMA/33 cmd 0x1f0 ctl 0x3f6 bmdma 0xd000 irq 14
[    1.475629] ata2: PATA max UDMA/33 cmd 0x170 ctl 0x376 bmdma 0xd008 irq 15
[    1.480100] libphy: Fixed MDIO Bus: probed
[    1.482393] tun: Universal TUN/TAP device driver, 1.6
[    1.485125] tun: (C) 1999-2004 Max Krasnyansky <maxk@qualcomm.com>
[    1.488724] PPP generic driver version 2.4.2
[    1.491165] ehci_hcd: USB 2.0 'Enhanced' Host Controller (EHCI) Driver
[    1.494657] ehci-pci: EHCI PCI platform driver
[    1.497161] ehci-platform: EHCI generic platform driver
[    1.500078] ohci_hcd: USB 1.1 'Open' Host Controller (OHCI) Driver
[    1.503769] ohci-pci: OHCI PCI platform driver
[    1.506542] ohci-platform: OHCI generic platform driver
[    1.509525] uhci_hcd: USB Universal Host Controller Interface driver
[    1.513238] i8042: PNP: PS/2 Controller [PNP0303:PS2K,PNP0f03:PS2M] at 0x60,0x64 irq 1,12
[    1.518208] serio: i8042 KBD port at 0x60,0x64 irq 1
[    1.521065] serio: i8042 AUX port at 0x60,0x64 irq 12
[    1.524893] mousedev: PS/2 mouse device common for all mice
[    1.528750] rtc_cmos rtc_cmos: rtc core: registered rtc_cmos as rtc0
[    1.532605] rtc_cmos rtc_cmos: alarms up to one day, 114 bytes nvram
[    1.536035] input: AT Translated Set 2 keyboard as /devices/platform/i8042/serio0/input/input2
[    1.541719] i2c /dev entries driver
[    1.544172] device-mapper: uevent: version 1.0.3
[    1.547125] device-mapper: ioctl: 4.34.0-ioctl (2015-10-28) initialised: dm-devel@redhat.com
[    1.552026] ledtrig-cpu: registered to indicate activity on CPUs
[    1.556598] NET: Registered protocol family 10
[    1.559538] NET: Registered protocol family 17
[    1.562670] Key type dns_resolver registered
[    1.567721] registered taskstats version 1
[    1.573807] Loading compiled-in X.509 certificates
[    1.584162] Loaded X.509 cert 'Build time autogenerated kernel key: f06b7227f29f55afa9b8968d1b82289d30ebc7c3'
[    1.596851] zswap: loaded using pool lzo/zbud
[    1.604239] Key type trusted registered
[    1.613007] Key type encrypted registered
[    1.616689] AppArmor: AppArmor sha1 policy hashing enabled
[    1.620969] ima: No TPM chip found, activating TPM-bypass!
[    1.625634] ima: Allocated hash algorithm: sha1
[    1.629471] evm: HMAC attrs: 0x1
[    1.631645]   Magic number: 0:784:488
[    1.633649] regulator regulator.0: hash matches
[    1.636200] rtc_cmos rtc_cmos: setting system clock to 2020-08-30 15:28:38 UTC (1598801318)
[    1.641553] BIOS EDD facility v0.16 2004-Jun-25, 0 devices found
[    1.645592] EDD information not available.
[    1.665816] Freeing unused kernel memory: 1492K
[    1.686559] Write protecting the kernel read-only data: 14336k
[    1.690385] Freeing unused kernel memory: 1592K
[    1.693410] Freeing unused kernel memory: 56K
Loading, please wait...
starting version 229
[    1.706719] random: systemd-udevd: uninitialized urandom read (16 bytes read, 5 bits of entropy available)
[    1.707487] random: udevadm: uninitialized urandom read (16 bytes read, 5 bits of entropy available)
[    1.707525] random: udevadm: uninitialized urandom read (16 bytes read, 5 bits of entropy available)
[    1.719336] random: udevadm: uninitialized urandom read (16 bytes read, 5 bits of entropy available)
[    1.719410] random: udevadm: uninitialized urandom read (16 bytes read, 5 bits of entropy available)
[    1.719623] random: udevadm: uninitialized urandom read (16 bytes read, 5 bits of entropy available)
[    1.719704] random: udevadm: uninitialized urandom read (16 bytes read, 5 bits of entropy available)
[    1.719788] random: udevadm: uninitialized urandom read (16 bytes read, 5 bits of entropy available)
[    1.719853] random: udevadm: uninitialized urandom read (16 bytes read, 5 bits of entropy available)
[    1.719933] random: udevadm: uninitialized urandom read (16 bytes read, 5 bits of entropy available)
[    1.789713] e1000: Intel(R) PRO/1000 Network Driver - version 7.3.21-k8-NAPI
[    1.793781] e1000: Copyright (c) 1999-2006 Intel Corporation.
[    1.799493] Fusion MPT base driver 3.04.20
[    1.801915] Copyright (c) 1999-2008 LSI Corporation
[    1.809760] Fusion MPT SPI Host driver 3.04.20
[    1.820594] AVX2 version of gcm_enc/dec engaged.
[    1.823292] AES CTR mode by8 optimization enabled
[    2.011477] input: ImExPS/2 Generic Explorer Mouse as /devices/platform/i8042/serio1/input/input4
[    2.183188] e1000 0000:00:03.0 eth0: (PCI:33MHz:32-bit) 02:98:c6:81:17:55
[    2.187093] e1000 0000:00:03.0 eth0: Intel(R) PRO/1000 Network Connection
[    2.191544] mptbase: ioc0: Initiating bringup
[    2.254533] ioc0: LSI53C1030 A0: Capabilities={Initiator}
[    2.419663] scsi host2: ioc0: LSI53C1030 A0, FwRev=00000000h, Ports=1, MaxQ=256, IRQ=20
[    2.534713] scsi 2:0:0:0: Direct-Access     VBOX     HARDDISK         1.0  PQ: 0 ANSI: 5
[    2.539582] scsi target2:0:0: Beginning Domain Validation
[    2.545071] scsi target2:0:0: Domain Validation skipping write tests
[    2.548527] scsi target2:0:0: Ending Domain Validation
[    2.551328] scsi target2:0:0: asynchronous
[    2.554515] scsi 2:0:1:0: Direct-Access     VBOX     HARDDISK         1.0  PQ: 0 ANSI: 5
[    2.558968] scsi target2:0:1: Beginning Domain Validation
[    2.564115] scsi target2:0:1: Domain Validation skipping write tests
[    2.567599] scsi target2:0:1: Ending Domain Validation
[    2.574483] scsi target2:0:1: asynchronous
[    2.603055] sd 2:0:0:0: Attached scsi generic sg0 type 0
[    2.606689] sd 2:0:1:0: [sdb] 20480 512-byte logical blocks: (10.5 MB/10.0 MiB)
[    2.611401] sd 2:0:1:0: Attached scsi generic sg1 type 0
[    2.614954] sd 2:0:0:0: [sda] 20971520 512-byte logical blocks: (10.7 GB/10.0 GiB)
[    2.619289] sd 2:0:1:0: [sdb] Write Protect is off
[    2.622319] sd 2:0:1:0: [sdb] Incomplete mode parameter data
[    2.625537] sd 2:0:1:0: [sdb] Assuming drive cache: write through
[    2.629059] sd 2:0:0:0: [sda] Write Protect is off
[    2.632236] sd 2:0:0:0: [sda] Incomplete mode parameter data
[    2.635443] sd 2:0:0:0: [sda] Assuming drive cache: write through
[    2.643723]  sda: sda1
[    2.646179] sd 2:0:0:0: [sda] Attached SCSI disk
[    2.649414] sd 2:0:1:0: [sdb] Attached SCSI disk
[    2.954954] e1000 0000:00:08.0 eth1: (PCI:33MHz:32-bit) 08:00:27:d8:81:7b
[    2.958705] e1000 0000:00:08.0 eth1: Intel(R) PRO/1000 Network Connection
[    2.963663] e1000 0000:00:03.0 enp0s3: renamed from eth0
[    2.978573] e1000 0000:00:08.0 enp0s8: renamed from eth1
Begin: Loading essential drivers ... [    4.246527] md: linear personality registered for level -1
[    4.253228] md: multipath personality registered for level -4
[    4.259611] md: raid0 personality registered for level 0
[    4.266295] md: raid1 personality registered for level 1
[    4.338432] raid6: sse2x1   gen() 10995 MB/s
[    4.406413] raid6: sse2x1   xor()  9474 MB/s
[    4.474539] raid6: sse2x2   gen() 15125 MB/s
[    4.542308] raid6: sse2x2   xor()  9849 MB/s
[    4.610869] raid6: sse2x4   gen() 16859 MB/s
[    4.678510] raid6: sse2x4   xor() 10351 MB/s
[    4.746490] raid6: avx2x1   gen() 20532 MB/s
[    4.814351] raid6: avx2x2   gen() 26554 MB/s
[    4.882395] raid6: avx2x4   gen() 27271 MB/s
[    4.884923] raid6: using algorithm avx2x4 gen() 27271 MB/s
[    4.888077] raid6: using avx2x2 recovery algorithm
[    4.893096] xor: automatically using best checksumming function:
[    4.934318]    avx       : 25281.000 MB/sec
[    4.938027] async_tx: api initialized (async)
[    4.949810] md: raid6 personality registered for level 6
[    4.953000] md: raid5 personality registered for level 5
[    4.956590] md: raid4 personality registered for level 4
[    4.965282] md: raid10 personality registered for level 10
done.
Begin: Running /scripts/init-premount ... done.
Begin: Mounting root file system ... Begin: Running /scripts/local-top ... done.
Begin: Running /scripts/local-premount ... [    4.994918] Btrfs loaded
Scanning for Btrfs filesystems
done.
Warning: fsck not present, so skipping root file system
[   11.022343] EXT4-fs (sda1): mounted filesystem with ordered data mode. Opts: (null)
done.
Begin: Running /scripts/local-bottom ... done.
Begin: Running /scripts/init-bottom ... done.
[   11.629022] systemd[1]: systemd 229 running in system mode. (+PAM +AUDIT +SELINUX +IMA +APPARMOR +SMACK +SYSVINIT +UTMP +LIBCRYPTSETUP +GCRYPT +GNUTLS +ACL +XZ -LZ4 +SECCOMP +BLKID +ELFUTILS +KMOD -IDN)
[   11.636532] systemd[1]: Detected virtualization oracle.
[   11.638981] systemd[1]: Detected architecture x86-64.

Welcome to [1mUbuntu 16.04.7 LTS[0m!

[   11.718619] systemd[1]: Set hostname to <ubuntu>.
[   11.749902] systemd[1]: Initializing machine ID from random generator.
[   11.753714] systemd[1]: Installed transient /etc/machine-id file.
[   12.348930] random: nonblocking pool is initialized
[   12.819695] systemd[1]: Listening on Journal Socket.
[[0;32m  OK  [0m] Listening on Journal Socket.
[   13.357053] systemd[1]: Listening on LVM2 poll daemon socket.
[[0;32m  OK  [0m] Listening on LVM2 poll daemon socket.
[   13.419109] systemd[1]: Listening on LVM2 metadata daemon socket.
[[0;32m  OK  [0m] Listening on LVM2 metadata daemon socket.
[   13.628327] systemd[1]: Started Trigger resolvconf update for networkd DNS.
[[0;32m  OK  [0m] Started Trigger resolvconf update for networkd DNS.
[   13.716022] systemd[1]: Listening on Journal Audit Socket.
[[0;32m  OK  [0m] Listening on Journal Audit Socket.
[   14.189253] systemd[1]: Created slice User and Session Slice.
[[0;32m  OK  [0m] Created slice User and Session Slice.
[   14.230790] systemd[1]: Listening on udev Control Socket.
[[0;32m  OK  [0m] Listening on udev Control Socket.
[   14.344059] systemd[1]: Listening on /dev/initctl Compatibility Named Pipe.
[[0;32m  OK  [0m] Listening on /dev/initctl Compatibility Named Pipe.
[   14.419939] systemd[1]: Created slice System Slice.
[[0;32m  OK  [0m] Created slice System Slice.
[   14.638869] systemd[1]: Mounting Debug File System...
         Mounting Debug File System...
[   14.651479] systemd[1]: Starting Remount Root and Kernel File Systems...
         Starting Remount Root and Kernel File Systems...
[   14.658839] EXT4-fs (sda1): re-mounted. Opts: (null)
[   14.663212] systemd[1]: Starting Nameserver information manager...
         Starting Nameserver information manager...
[   14.675629] systemd[1]: Starting Create list of required static device nodes for the current kernel...
         Starting Create list of required st... nodes for the current kernel...
[   14.687163] systemd[1]: Mounting POSIX Message Queue File System...
         Mounting POSIX Message Queue File System...
[   14.691690] systemd[1]: Mounting Huge Pages File System...
         Mounting Huge Pages File System...
[   14.703352] systemd[1]: Starting Set console keymap...
         Starting Set console keymap...
[   14.716547] systemd[1]: Starting Load Kernel Modules...
         Starting Load Kernel Modules...
[   14.726853] systemd[1]: Created slice system-serial\x2dgetty.slice.
[[0;32m  OK  [0m] Created slice system-serial\x2dgetty.slice.
[   14.738627] systemd[1]: Started Forward Password Requests to Wall Directory Watch.
[[0;32m  OK  [0m] Started Forward Password Requests to Wall Directory Watch.
[   14.750670] systemd[1]: Reached target System Time Synchronized.
[[0;32m  OK  [0m] Reached target System Time Synchronized.
[   14.759744] Loading iSCSI transport class v2.0-870.
[   14.762682] systemd[1]: Set up automount Arbitrary Executable File Formats File System Automount Point.
[[0;32m  OK  [0m] Set up automount Arbitrary Executab...ats File System Automount Point.
[   14.782900] iscsi: registered transport (tcp)
[   14.783438] systemd[1]: Reached target Encrypted Volumes.
[[0;32m  OK  [0m] Reached target Encrypted Volumes.
[   14.794840] systemd[1]: Listening on Syslog Socket.
[[0;32m  OK  [0m] Listening on Syslog Socket.
[   14.802719] systemd[1]: Listening on udev Kernel Socket.
[[0;32m  OK  [0m] Listening on udev Kernel Socket.
[   14.818641] systemd[1]: Listening on Device-mapper event daemon FIFOs.
[[0;32m  OK  [0m] Listening on Device-mapper event daemon FIFOs.
[   14.834969] systemd[1]: Starting Monitoring of LVM2 mirrors, snapshots etc. using dmeventd or progress polling...
         Starting Monitoring of LVM2 mirrors... dmeventd or progress polling...
[   14.851568] systemd[1]: Starting Uncomplicated firewall...
         Starting Uncomplicated firewall...
[   14.855736] systemd[1]: Reached target Swap.
[[0;32m  OK  [0m] Reached target Swap.
[   14.861511] systemd[1]: Reached target Slices.
[[0;32m  OK  [0m] Reached target Slices.
[   14.866811] systemd[1]: Listening on Journal Socket (/dev/log).
[[0;32m  OK  [0m] Listening on Journal Socket (/dev/log).
[   14.876706] systemd[1]: Starting Journal Service...
         Starting Journal Service...
[   14.882106] systemd[1]: Reached target User and Group Name Lookups.
[[0;32m  OK  [0m] Reached target User and Group Name Lookups.
[   14.896986] systemd[1]: Mounted Huge Pages File System.
[[0;32m  OK  [0m] Mounted Huge Pages File System.
[   14.906796] systemd[1]: Mounted POSIX Message Queue File System.
[[0;32m  OK  [0m] Mounted POSIX Message Queue File System.
[   14.912450] systemd[1]: Mounted Debug File System.
[   14.915966] iscsi: registered transport (iser)
[[0;32m  OK  [0m] Mounted Debug File System.
[   14.927367] systemd[1]: Started Remount Root and Kernel File Systems.
[[0;32m  OK  [0m] Started Remount Root and Kernel File Systems.
[   14.947096] systemd[1]: Started Create list of required static device nodes for the current kernel.
[[0;32m  OK  [0m] Started Create list of required sta...ce nodes for the current kernel.
[   14.963448] systemd[1]: Started Set console keymap.
[[0;32m  OK  [0m] Started Set console keymap.
[   14.975099] systemd[1]: Started Load Kernel Modules.
[[0;32m  OK  [0m] Started Load Kernel Modules.
[   14.983087] systemd[1]: Started Uncomplicated firewall.
[[0;32m  OK  [0m] Started Uncomplicated firewall.
[   15.006493] systemd[1]: Started Nameserver information manager.
[[0;32m  OK  [0m] Started Nameserver information manager.
[   15.016326] systemd[1]: Started Journal Service.
[[0;32m  OK  [0m] Started Journal Service.
[[0;32m  OK  [0m] Started LVM2 metadata daemon.
         Starting Apply Kernel Variables...
         Mounting FUSE Control File System...
         Starting Create Static Device Nodes in /dev...
         Starting Flush Journal to Persistent Storage...
         Starting udev Coldplug all Devices...
         Starting Load/Save Random Seed...
[[0;32m  OK  [0m] Mounted FUSE Control File System.
[   15.084231] systemd-journald[405]: Received request to flush runtime journal from PID 1
[[0;32m  OK  [0m] Started Flush Journal to Persistent Storage.
[[0;32m  OK  [0m] Started Load/Save Random Seed.
[[0;32m  OK  [0m] Started Apply Kernel Variables.
[[0;32m  OK  [0m] Started udev Coldplug all Devices.
[[0;32m  OK  [0m] Started Create Static Device Nodes in /dev.
         Starting udev Kernel Device Manager...
[[0;32m  OK  [0m] Started udev Kernel Device Manager.
[[0;32m  OK  [0m] Started Dispatch Password Requests to Console Directory Watch.
[[0;32m  OK  [0m] Found device /dev/ttyS0.
[[0;32m  OK  [0m] Listening on Load/Save RF Kill Switch Status /dev/rfkill Watch.
[[0;32m  OK  [0m] Started Monitoring of LVM2 mirrors,...ng dmeventd or progress polling.
[[0;32m  OK  [0m] Reached target Local File Systems (Pre).
[[0;32m  OK  [0m] Reached target Local File Systems.
         Starting LSB: AppArmor initialization...
         Starting Set console font and keymap...
         Starting Commit a transient machine-id on disk...
         Starting Tell Plymouth To Write Out Runtime Data...
         Starting Initial cloud-init job (pre-networking)...
         Starting Create Volatile Files and Directories...
[[0;32m  OK  [0m] Started Commit a transient machine-id on disk.
[[0;32m  OK  [0m] Started Tell Plymouth To Write Out Runtime Data.
[[0;32m  OK  [0m] Started Create Volatile Files and Directories.
         Starting Update UTMP about System Boot/Shutdown...
[[0;32m  OK  [0m] Started Update UTMP about System Boot/Shutdown.
[[0;32m  OK  [0m] Started Set console font and keymap.
[[0;32m  OK  [0m] Created slice system-getty.slice.
[[0;32m  OK  [0m] Started LSB: AppArmor initialization.
         Starting Load AppArmor profiles managed internally by snapd...
[[0;32m  OK  [0m] Started Load AppArmor profiles managed internally by snapd.
[   17.715690] cloud-init[645]: Cloud-init v. 20.2-45-g5f7825e2-0ubuntu1~16.04.1 running 'init-local' at Sun, 30 Aug 2020 15:28:54 +0000. Up 17.35 seconds.
[[0;32m  OK  [0m] Started Initial cloud-init job (pre-networking).
[[0;32m  OK  [0m] Reached target Network (Pre).
         Starting Raise network interfaces...
[[0;32m  OK  [0m] Started Raise network interfaces.
         Starting Initial cloud-init job (metadata service crawler)...
[[0;32m  OK  [0m] Reached target Network.
[   19.201947] cloud-init[964]: Cloud-init v. 20.2-45-g5f7825e2-0ubuntu1~16.04.1 running 'init' at Sun, 30 Aug 2020 15:28:55 +0000. Up 18.33 seconds.
[   19.208641] cloud-init[964]: ci-info: ++++++++++++++++++++++++++++++++++++++Net device info+++++++++++++++++++++++++++++++++++++++
[   19.216773] cloud-init[964]: ci-info: +--------+-------+----------------------------+---------------+--------+-------------------+
[   19.224524] cloud-init[964]: ci-info: | Device |   Up  |          Address           |      Mask     | Scope  |     Hw-Address    |
[   19.232427] cloud-init[964]: ci-info: +--------+-------+----------------------------+---------------+--------+-------------------+
[   19.240532] cloud-init[964]: ci-info: | enp0s3 |  True |         10.0.2.15          | 255.255.255.0 | global | 02:98:c6:81:17:55 |
[   19.248742] cloud-init[964]: ci-info: | enp0s3 |  True | fe80::98:c6ff:fe81:1755/64 |       .       |  link  | 02:98:c6:81:17:55 |
[[0;32m  OK  [0m] Started Initial cloud-init job (metadata service crawler).
[[0;32m  OK  [0m] Reached target System Initialization.
[[0;32m  OK  [0m] Listening on D-Bus System Message Bus Socket.
[   19.260757] cloud-init[964]: ci-info: | enp0s8 | False |             .              |       .       |   .    | 08:00:27:d8:81:7b |
[   19.286023] cloud-init[964]: ci-info: |   lo   |  True |         127.0.0.1          |   255.0.0.0   |  host  |         .         |
[   19.727806] [[0;32m  OK  [0m] Listening on UUID daemon activation socket.
[[0;32m  OK  [0m] Listening on ACPID Listen Socket.
cloud-init[964]: ci-info: |   lo   |  True |          ::1/128           |       .       |  host  |         .         |
[   19.748504] [cloud-init[0;32m  OK  [0m[964]: ] ci-info: +--------+-------+----------------------------+---------------+--------+-------------------+Started ACPI Events Check.

[[0;32m  OK  [0m] Reached target Paths.
[   19.749031] cloud-init[964]: ci-info: +++++++++++++++++++++++++++Route IPv4 info++++++++++++++++++++++++++++
[   19.768454] [cloud-init[0;32m  OK  [0m[964]: ] ci-info: +-------+-------------+----------+---------------+-----------+-------+Started Daily apt download activities.

[[0;32m  OK  [0m] Started Daily apt upgrade and clean activities.
[   19.768723] cloud-init[964]: ci-info: | Route | Destination | Gateway  |    Genmask    | Interface | Flags |
[   19.784394]          cloud-initStarting Socket activation for snappy daemon.[964]: 
ci-info: +-------+-------------+----------+---------------+-----------+-------+
[   19.792576]          cloud-initStarting LXD - unix socket.[964]: 
ci-info: |   0   |   0.0.0.0   | 10.0.2.2 |    0.0.0.0    |   enp0s3  |   UG  |
[   19.800352] [cloud-init[0;32m  OK  [0m[964]: ] ci-info: |   1   |   10.0.2.0  | 0.0.0.0  | 255.255.255.0 |   enp0s3  |   U   |Started Daily Cleanup of Temporary Directories.

[[0;32m  OK  [0m] Started Message of the Day.
[[0;32m  OK  [0m] Reached target Timers.
[   19.800619] cloud-init[964]: ci-info: +-------+-------------+----------+---------------+-----------+-------+
[   19.816471] [cloud-init[0;32m  OK  [0m[964]: ] ci-info: +++++++++++++++++++Route IPv6 info+++++++++++++++++++Reached target Cloud-config availability.

[   19.816860] [cloud-init[0;32m  OK  [0m[964]: ] ci-info: +-------+-------------+---------+-----------+-------+Reached target Network is Online.

[   19.825616] cloud-init[964]: ci-info: | Route | Destination | Gateway | Interface | Flags |
[   19.834325] cloud-init[964]: ci-info: +-------+-------------+---------+-----------+-------+
[   19.840497] cloud-init[964]: ci-info: |   0   |  fe80::/64  |    ::   |   enp0s3  |   U   |
         Starting iSCSI initiator daemon (iscsid)...
[   19.849547] cloud-init[964]: ci-info: |   3   |   ff00::/8  |    ::   |   enp0s3  |   U   |
[[0;32m  OK  [0m] Listening on Socket activation for snappy daemon.
[[0;32m  OK  [0m] Listening on LXD - unix socket.
[[0;32m  OK  [0m] Reached target Sockets.
[   19.864524] cloud-init[964]: ci-info: +-------+-------------+---------+-----------+-------+
[   19.872261] [cloud-init[0;32m  OK  [0m[964]: ] Generating public/private rsa key pair.Reached target Basic System.

[   19.872756] cloud-init[964]: Your identification has been saved in /etc/ssh/ssh_host_rsa_key.
[   19.892309] cloud-init[964]: Your public key has been saved in /etc/ssh/ssh_host_rsa_key.pub.
[   19.900534]          cloud-initStarting LXD - container startup/shutdown...[964]: 
The key fingerprint is:
[   19.908307]          cloud-initStarting Accounts Service...[964]: 
SHA256:nvkF314gsrYPYq4Dpfr1begXfFZTc+sB98CyhYxNqNE root@ubuntu-xenial
[   19.908707] cloud-init[964]: The key's randomart image is:
[   19.928625]          cloud-init[964]: Starting Pollinate to seed the pseudo random number generator...+---[RSA 2048]----+

[   19.929720] cloud-init[964]: |         . *.o   |
[   19.931604] cloud-init[964]: |        . E =.+oo|
[   19.940514] cloud-init[964]: |         o   +oo=|
[   19.940792] cloud-init[964]: |      . .   . oo.|
[[0;32m  OK  [0m] Started Regular background program processing daemon.
[   19.940924] cloud-init[964]: |     o  S.o ..o..|
[   19.949187] cloud-init[964]: |    o  . oo=oo o |
[   19.956811] cloud-init[964]: |   . .. *.++o . .|
         Starting Virtualbox guest utils...
         Starting System Logging Service...
[[0;32m  OK  [0m] Started D-Bus System Message Bus.
[   19.957808] cloud-init[964]: |  .  ..+.=o+ . . |
[   19.988412] cloud-init[964]: |   .. .++o+.. .  |
[   20.000356] cloud-init[964]: +----[SHA256]-----+
[   20.008418] cloud-init[964]: Generating public/private dsa key pair.
[   20.020733] cloud-init[964]: Your identification has been saved in /etc/ssh/ssh_host_dsa_key.
[   20.028378] cloud-init[964]: Your public key has been saved in /etc/ssh/ssh_host_dsa_key.pub.
[   20.036446] cloud-init[964]: The key fingerprint is:
[   20.037793] cloud-init[964]: SHA256:IRSo3n0aKtUeXcmPsspbLQwNwLp28mNQcExhXi7WzHM root@ubuntu-xenial
[   20.044416] cloud-init[964]: The key's randomart image is:
[   20.045983] cloud-init[964]: +---[DSA 1024]----+
[   20.052345] cloud-init[964]: |   +=o+.         |
[   20.060523] cloud-init[964]: |  .o=O           |
[   20.068295] cloud-init[964]: |   =+ O E. .     |
[   20.076307] cloud-init[964]: |  o... * .+      |
[   20.084279] cloud-init[964]: | . + o..S. o     |
[   20.092470] cloud-init[964]: |  * + =o+.. .    |
[   20.100327] cloud-init[964]: | . * o =+o.      |
[   20.108284] cloud-init[964]: |  . =.o...       |
[   20.116357] cloud-init[964]: |   o .+o         |
[   20.124543] cloud-init[964]: +----[SHA256]-----+
[   20.125901] cloud-init[964]: Generating public/private ecdsa key pair.
[   20.132551] cloud-init[964]: Your identification has been saved in /etc/ssh/ssh_host_ecdsa_key.
[   20.140507] cloud-init[964]: Your public key has been saved in /etc/ssh/ssh_host_ecdsa_key.pub.
[   20.142722] cloud-init[964]: The key fingerprint is:
[   20.148981] cloud-init[964]: SHA256:tLHPmMHLEseL0DJCsioisElEyspD/knn3n3n3KMOzFM root@ubuntu-xenial
[   20.157197] cloud-init[964]: The key's randomart image is:
[   20.159932] cloud-init[964]: +---[ECDSA 256]---+
[   20.168688] cloud-init[964]: | .               |
[[0;32m  OK  [0m] Started ACPI event daemon.
[   20.171819] cloud-init[964]: |+                |
         Starting LSB: MD monitoring daemon...
[   20.181418] cloud-init[964]: |o+.     o        |
[[0;32m  OK  [0m] Started FUSE filesystem for LXC.
[   20.188494] cloud-init[964]: |*+   . + +       |
[   20.189329] cloud-init[964]: |+=..+.o S    E   |
[   20.204396] cloud-init[964]: |+o+.++ = Oo .    |
[   20.212402] cloud-init[964]: |B  o .o * o=     |
[   20.220413] cloud-init[964]: |+   . ...  .+... |
[   20.233224] cloud-init[964]: |     . . .. +=...|
         Starting Snap Daemon...
[   20.234616] cloud-init[964]: +----[SHA256]-----+
[   20.244305] cloud-init[964]: Generating public/private ed25519 key pair.
[[0;32m  OK  [0m] Started Deferred execution scheduler.
[   20.246268]          cloud-initStarting /etc/rc.local Compatibility...[964]: 
Your identification has been saved in /etc/ssh/ssh_host_ed25519_key.
         Starting LSB: Record successful boot for GRUB...
[   20.256981]          cloud-initStarting Login Service...[964]: 
Your public key has been saved in /etc/ssh/ssh_host_ed25519_key.pub.
[[0;32m  OK  [0m] Started System Logging Service.
[   20.261020] cloud-init[964]: The key fingerprint is:
[   20.263367] cloud-init[964]: SHA256:WrbSWQjf2GDuCQsM2SOKBmpyio5K1dzOGMHZ7p9w11E root@ubuntu-xenial
[   20.267890] cloud-init[964]: The key's randomart image is:
[   20.271087] cloud-init[964]: +--[ED25519 256]--+
[   20.274376] [[0;32m  OK  [0m] Started /etc/rc.local Compatibility.
         Starting Authenticate and Authorize Users to Run Privileged Tasks...
cloud-init[964]: |                 |
[   20.290460] cloud-init[964]: |   o. o          |
[   20.292532] cloud-init[964]: |. + o+..o      E |
[   20.294036] cloud-init[964]: |+. +o.+= *    .  |
[   20.295416] cloud-init[964]: |=o..o+.oS +  .   |
[   20.297258] cloud-init[964]: |=o.  .*O =  . .  |
[   20.304421] cloud-init[964]: |o.   .+=*. . .   |
[   20.319452] cloud-init[964]: |+      .+ o      |
[   20.328561] cloud-init[964]: |+.       o       |
[   20.336639] cloud-init[964]: +----[SHA256]-----+
[[0;32m  OK  [0m] Started iSCSI initiator daemon (iscsid).
         Starting Login to default iSCSI targets...
[[0;32m  OK  [0m] Started Login Service.
[[0;32m  OK  [0m] Started Unattended Upgrades Shutdown.
[[0;32m  OK  [0m] Started LSB: Record successful boot for GRUB.
[[0;32m  OK  [0m] Started LSB: MD monitoring daemon.
[[0;32m  OK  [0m] Started Authenticate and Authorize Users to Run Privileged Tasks.
[[0;32m  OK  [0m] Started Accounts Service.
[[0;32m  OK  [0m] Started Login to default iSCSI targets.
[[0;32m  OK  [0m] Reached target Remote File Systems (Pre).
[[0;32m  OK  [0m] Reached target Remote File Systems.
         Starting LSB: daemon to balance interrupts for SMP systems...
         Starting LSB: automatic crash report generation...
         Starting Permit User Sessions...
         Starting LSB: Set the CPU Frequency Scaling governor to "ondemand"...
[[0;32m  OK  [0m] Started Virtualbox guest utils.
[[0;32m  OK  [0m] Started Permit User Sessions.
[[0;32m  OK  [0m] Started LSB: Set the CPU Frequency Scaling governor to "ondemand".
         Starting Hold until boot process finishes up...
         Starting Terminate Plymouth Boot Screen...
[[0;32m  OK  [0m] Started LSB: daemon to balance interrupts for SMP systems.
[[0;32m  OK  [0m] Started Hold until boot process finishes up.
[[0;32m  OK  [0m] Started Terminate Plymouth Boot Screen.
         Starting Set console scheme...
[[0;32m  OK  [0m] Started Serial Getty on ttyS0.
[[0;32m  OK  [0m] Started Getty on tty1.
[[0;32m  OK  [0m] Reached target Login Prompts.
[[0;32m  OK  [0m] Started Set console scheme.
[[0;32m  OK  [0m] Started LSB: automatic crash report generation.
[[0;32m  OK  [0m] Started LXD - container startup/shutdown.
[[0;32m  OK  [0m] Started Snap Daemon.
         Starting Wait until snapd is fully seeded...
[[0;32m  OK  [0m] Started Pollinate to seed the pseudo random number generator.
         Starting OpenBSD Secure Shell server...
[[0;32m  OK  [0m] Started OpenBSD Secure Shell server.
[   26.209370] cloud-init[1324]: Generating locales (this might take a while)...

Ubuntu 16.04.7 LTS ubuntu-xenial ttyS0

ubuntu-xenial login: [   27.099627] cloud-init[1324]:   en_US.UTF-8... done
[   27.100649] cloud-init[1324]: Generation complete.
[   27.899108] cloud-init[1324]: Cloud-init v. 20.2-45-g5f7825e2-0ubuntu1~16.04.1 running 'modules:config' at Sun, 30 Aug 2020 15:29:03 +0000. Up 26.07 seconds.
ci-info: no authorized SSH keys fingerprints found for user ubuntu.
<14>Aug 30 15:29:05 ec2: 
<14>Aug 30 15:29:05 ec2: #############################################################
<14>Aug 30 15:29:05 ec2: -----BEGIN SSH HOST KEY FINGERPRINTS-----
<14>Aug 30 15:29:05 ec2: 1024 SHA256:IRSo3n0aKtUeXcmPsspbLQwNwLp28mNQcExhXi7WzHM root@ubuntu-xenial (DSA)
<14>Aug 30 15:29:05 ec2: 256 SHA256:tLHPmMHLEseL0DJCsioisElEyspD/knn3n3n3KMOzFM root@ubuntu-xenial (ECDSA)
<14>Aug 30 15:29:05 ec2: 256 SHA256:WrbSWQjf2GDuCQsM2SOKBmpyio5K1dzOGMHZ7p9w11E root@ubuntu-xenial (ED25519)
<14>Aug 30 15:29:05 ec2: 2048 SHA256:nvkF314gsrYPYq4Dpfr1begXfFZTc+sB98CyhYxNqNE root@ubuntu-xenial (RSA)
<14>Aug 30 15:29:05 ec2: -----END SSH HOST KEY FINGERPRINTS-----
<14>Aug 30 15:29:05 ec2: #############################################################
-----BEGIN SSH HOST KEY KEYS-----
ecdsa-sha2-nistp256 AAAAE2VjZHNhLXNoYTItbmlzdHAyNTYAAAAIbmlzdHAyNTYAAABBBAuycYTXPR1xEf+tN0IOGOHwB3OluBKtuOs3R4uzFfDGax4BBqBzeXpnI0QjHcYphD9EdOK+OJX0w9soP5nBjZI= root@ubuntu-xenial
ssh-ed25519 AAAAC3NzaC1lZDI1NTE5AAAAIFE4cM5KZEX3l0/7f4MlehBmgOrorwyum8viQpi5diQK root@ubuntu-xenial
ssh-rsa AAAAB3NzaC1yc2EAAAADAQABAAABAQC6ap6Zyhau5gVayvPDrg17q+X8BS3COxlgbv0UaYa6G2raWSFFOQzmdy67Y/KYv1SNCVYT2/RoaMjyPacGABITlUA0YdOVIqLIIbTa7lXk8MjSh+xNyG4pMPR8Ex45DKavcOqK4xEQ7ikhBOgZZhdYWzQ0Jta0wceeHQNLAQ4NwCqV7R0ogHqA64JVSu+3luh9gKY++CQB008wpoMymEjUpG3+1KJ5Qy8JMylgw95sZIj2GgKcTe1Su22hViUQCeF0QlVzr3uMEL3HyfCtv+UcOVVbGyxgrTMs2/I4M2OwfsZtpDSmiqmuyQmVX4vwhXgrScttb1YA1O9+D53+8PG/ root@ubuntu-xenial
-----END SSH HOST KEY KEYS-----
[   28.614165] cloud-init[1472]: Cloud-init v. 20.2-45-g5f7825e2-0ubuntu1~16.04.1 running 'modules:final' at Sun, 30 Aug 2020 15:29:05 +0000. Up 28.42 seconds.
[   28.614735] cloud-init[1472]: ci-info: no authorized SSH keys fingerprints found for user ubuntu.
[   28.616611] cloud-init[1472]: Cloud-init v. 20.2-45-g5f7825e2-0ubuntu1~16.04.1 finished at Sun, 30 Aug 2020 15:29:05 +0000. Datasource DataSourceNoCloud [seed=/dev/sdb][dsmode=net].  Up 28.60 seconds
